<?xml version="1.0" encoding="UTF-8"?>
<!-- Generated by org.testng.reporters.JUnitReportReporter -->
<testsuite hostname="Kalyani-S-L" failures="0" tests="2" name="RSAcademy.Tests.ErrorValidationsTest" time="21.508" errors="0" timestamp="2025-06-07T16:58:59 IST" skipped="0">
  <testcase classname="RSAcademy.Tests.ErrorValidationsTest" name="LoginErrorValidation" time="4.486"/>
  <testcase classname="RSAcademy.Tests.ErrorValidationsTest" name="productErrorValidation" time="17.022"/>
</testsuite> <!-- RSAcademy.Tests.ErrorValidationsTest -->
