<?xml version="1.0" encoding="UTF-8"?>
<!-- Generated by org.testng.reporters.JUnitReportReporter -->
<testsuite hostname="Kalyani-S-L" failures="0" tests="1" name="RSAcademy.Tests.ErrorValidations" time="6.051" errors="0" timestamp="2025-05-29T20:33:29 IST" skipped="0">
  <testcase classname="RSAcademy.Tests.ErrorValidations" name="SubmitOrder" time="6.051"/>
</testsuite> <!-- RSAcademy.Tests.ErrorValidations -->
