<?xml version="1.0" encoding="UTF-8"?>
<!-- Generated by org.testng.reporters.JUnitReportReporter -->
<testsuite hostname="Kalyani-S-L" failures="0" tests="3" name="RSAcademy.Tests.SubmitOrderTest" time="41.658" errors="0" timestamp="2025-06-14T21:20:56 IST" skipped="0">
  <testcase classname="RSAcademy.Tests.SubmitOrderTest" name="orderHistoryTest" time="5.517"/>
  <testcase classname="RSAcademy.Tests.SubmitOrderTest" name="SubmitOrder" time="21.626"/>
  <testcase classname="RSAcademy.Tests.SubmitOrderTest" name="SubmitOrder" time="14.515"/>
</testsuite> <!-- RSAcademy.Tests.SubmitOrderTest -->
